[debug] [2022-12-26T12:44:43.100Z] ----------------------------------------------------------------------
[debug] [2022-12-26T12:44:43.104Z] Command:       C:\Program Files\nodejs\node.exe C:\Users\Personal\AppData\Roaming\npm\node_modules\firebase-tools\lib\bin\firebase.js init
[debug] [2022-12-26T12:44:43.105Z] CLI Version:   11.19.0
[debug] [2022-12-26T12:44:43.106Z] Platform:      win32
[debug] [2022-12-26T12:44:43.106Z] Node Version:  v19.3.0
[debug] [2022-12-26T12:44:43.106Z] Time:          Mon Dec 26 2022 18:44:43 GMT+0600 (Bangladesh Standard Time)
[debug] [2022-12-26T12:44:43.106Z] ----------------------------------------------------------------------
[debug] 
[debug] [2022-12-26T12:44:43.294Z] > command requires scopes: ["email","openid","https://www.googleapis.com/auth/cloudplatformprojects.readonly","https://www.googleapis.com/auth/firebase","https://www.googleapis.com/auth/cloud-platform"]
[debug] [2022-12-26T12:44:43.295Z] > authorizing via signed-in user (arshikakash@gmail.com)
[info] 
     ######## #### ########  ######## ########     ###     ######  ########
     ##        ##  ##     ## ##       ##     ##  ##   ##  ##       ##
     ######    ##  ########  ######   ########  #########  ######  ######
     ##        ##  ##    ##  ##       ##     ## ##     ##       ## ##
     ##       #### ##     ## ######## ########  ##     ##  ######  ########

You're about to initialize a Firebase project in this directory:

  D:\web development\assignment-10\client

Before we get started, keep in mind:

  * You are initializing within an existing Firebase project directory

[info] 
=== Project Setup
[info] 
[info] First, let's associate this project directory with a Firebase project.
[info] You can create multiple project aliases by running firebase use --add, 
[info] but for now we'll just set up a default project.
[info] 
[debug] [2022-12-26T12:45:00.635Z] Using project from CLI flag: book-shelf-4c0d0
[debug] [2022-12-26T12:45:00.639Z] > refreshing access token with scopes: []
[debug] [2022-12-26T12:45:00.653Z] >>> [apiv2][query] POST https://www.googleapis.com/oauth2/v3/token [none]
[debug] [2022-12-26T12:45:00.653Z] >>> [apiv2][body] POST https://www.googleapis.com/oauth2/v3/token [omitted]
[debug] [2022-12-26T12:45:01.158Z] <<< [apiv2][status] POST https://www.googleapis.com/oauth2/v3/token 400
[debug] [2022-12-26T12:45:01.158Z] <<< [apiv2][body] POST https://www.googleapis.com/oauth2/v3/token [omitted]
[debug] [2022-12-26T12:45:01.159Z] >>> [apiv2][query] GET https://firebase.googleapis.com/v1beta1/projects/book-shelf-4c0d0 [none]
[debug] [2022-12-26T12:45:01.512Z] <<< [apiv2][status] GET https://firebase.googleapis.com/v1beta1/projects/book-shelf-4c0d0 401
[debug] [2022-12-26T12:45:01.512Z] <<< [apiv2][body] GET https://firebase.googleapis.com/v1beta1/projects/book-shelf-4c0d0 {"error":{"code":401,"message":"Request had invalid authentication credentials. Expected OAuth 2 access token, login cookie or other valid authentication credential. See https://developers.google.com/identity/sign-in/web/devconsole-project.","status":"UNAUTHENTICATED"}}
[debug] [2022-12-26T12:45:01.513Z] HTTP Error: 401, Request had invalid authentication credentials. Expected OAuth 2 access token, login cookie or other valid authentication credential. See https://developers.google.com/identity/sign-in/web/devconsole-project.
[debug] [2022-12-26T12:45:01.809Z] FirebaseError: HTTP Error: 401, Request had invalid authentication credentials. Expected OAuth 2 access token, login cookie or other valid authentication credential. See https://developers.google.com/identity/sign-in/web/devconsole-project.
    at responseToError (C:\Users\Personal\AppData\Roaming\npm\node_modules\firebase-tools\lib\responseToError.js:49:12)
    at RetryOperation._fn (C:\Users\Personal\AppData\Roaming\npm\node_modules\firebase-tools\lib\apiv2.js:288:77)
    at process.processTicksAndRejections (node:internal/process/task_queues:95:5)
[error] 
[error] Error: Failed to get Firebase project book-shelf-4c0d0. Please make sure the project exists and your account has permission to access it.
[debug] [2022-12-26T12:45:26.488Z] ----------------------------------------------------------------------
[debug] [2022-12-26T12:45:26.493Z] Command:       C:\Program Files\nodejs\node.exe C:\Users\Personal\AppData\Roaming\npm\node_modules\firebase-tools\lib\bin\firebase.js deploy
[debug] [2022-12-26T12:45:26.494Z] CLI Version:   11.19.0
[debug] [2022-12-26T12:45:26.494Z] Platform:      win32
[debug] [2022-12-26T12:45:26.494Z] Node Version:  v19.3.0
[debug] [2022-12-26T12:45:26.494Z] Time:          Mon Dec 26 2022 18:45:26 GMT+0600 (Bangladesh Standard Time)
[debug] [2022-12-26T12:45:26.495Z] ----------------------------------------------------------------------
[debug] 
[debug] [2022-12-26T12:45:26.691Z] > command requires scopes: ["email","openid","https://www.googleapis.com/auth/cloudplatformprojects.readonly","https://www.googleapis.com/auth/firebase","https://www.googleapis.com/auth/cloud-platform"]
[debug] [2022-12-26T12:45:26.692Z] > authorizing via signed-in user (arshikakash@gmail.com)
[debug] [2022-12-26T12:45:26.692Z] [iam] checking project book-shelf-4c0d0 for permissions ["firebase.projects.get","firebasehosting.sites.update"]
[debug] [2022-12-26T12:45:26.695Z] > refreshing access token with scopes: []
[debug] [2022-12-26T12:45:26.725Z] >>> [apiv2][query] POST https://www.googleapis.com/oauth2/v3/token [none]
[debug] [2022-12-26T12:45:26.725Z] >>> [apiv2][body] POST https://www.googleapis.com/oauth2/v3/token [omitted]
[debug] [2022-12-26T12:45:27.091Z] <<< [apiv2][status] POST https://www.googleapis.com/oauth2/v3/token 400
[debug] [2022-12-26T12:45:27.091Z] <<< [apiv2][body] POST https://www.googleapis.com/oauth2/v3/token [omitted]
[debug] [2022-12-26T12:45:27.092Z] >>> [apiv2][query] POST https://cloudresourcemanager.googleapis.com/v1/projects/book-shelf-4c0d0:testIamPermissions [none]
[debug] [2022-12-26T12:45:27.092Z] >>> [apiv2][(partial)header] POST https://cloudresourcemanager.googleapis.com/v1/projects/book-shelf-4c0d0:testIamPermissions x-goog-quota-user=projects/book-shelf-4c0d0
[debug] [2022-12-26T12:45:27.092Z] >>> [apiv2][body] POST https://cloudresourcemanager.googleapis.com/v1/projects/book-shelf-4c0d0:testIamPermissions {"permissions":["firebase.projects.get","firebasehosting.sites.update"]}
[debug] [2022-12-26T12:45:28.518Z] <<< [apiv2][status] POST https://cloudresourcemanager.googleapis.com/v1/projects/book-shelf-4c0d0:testIamPermissions 401
[debug] [2022-12-26T12:45:28.518Z] <<< [apiv2][body] POST https://cloudresourcemanager.googleapis.com/v1/projects/book-shelf-4c0d0:testIamPermissions {"error":{"code":401,"message":"Request had invalid authentication credentials. Expected OAuth 2 access token, login cookie or other valid authentication credential. See https://developers.google.com/identity/sign-in/web/devconsole-project.","status":"UNAUTHENTICATED","details":[{"@type":"type.googleapis.com/google.rpc.ErrorInfo","reason":"ACCESS_TOKEN_TYPE_UNSUPPORTED","metadata":{"service":"cloudresourcemanager.googleapis.com","method":"google.cloudresourcemanager.v1.Projects.TestIamPermissions"}}]}}
[debug] [2022-12-26T12:45:28.519Z] [iam] error while checking permissions, command may fail: FirebaseError: HTTP Error: 401, Request had invalid authentication credentials. Expected OAuth 2 access token, login cookie or other valid authentication credential. See https://developers.google.com/identity/sign-in/web/devconsole-project.
[debug] [2022-12-26T12:45:28.520Z] > refreshing access token with scopes: []
[debug] [2022-12-26T12:45:28.521Z] >>> [apiv2][query] POST https://www.googleapis.com/oauth2/v3/token [none]
[debug] [2022-12-26T12:45:28.521Z] >>> [apiv2][body] POST https://www.googleapis.com/oauth2/v3/token [omitted]
[debug] [2022-12-26T12:45:28.629Z] <<< [apiv2][status] POST https://www.googleapis.com/oauth2/v3/token 400
[debug] [2022-12-26T12:45:28.629Z] <<< [apiv2][body] POST https://www.googleapis.com/oauth2/v3/token [omitted]
[debug] [2022-12-26T12:45:28.630Z] >>> [apiv2][query] GET https://firebase.googleapis.com/v1beta1/projects/book-shelf-4c0d0 [none]
[debug] [2022-12-26T12:45:28.865Z] <<< [apiv2][status] GET https://firebase.googleapis.com/v1beta1/projects/book-shelf-4c0d0 401
[debug] [2022-12-26T12:45:28.865Z] <<< [apiv2][body] GET https://firebase.googleapis.com/v1beta1/projects/book-shelf-4c0d0 {"error":{"code":401,"message":"Request had invalid authentication credentials. Expected OAuth 2 access token, login cookie or other valid authentication credential. See https://developers.google.com/identity/sign-in/web/devconsole-project.","status":"UNAUTHENTICATED"}}
[debug] [2022-12-26T12:45:28.866Z] HTTP Error: 401, Request had invalid authentication credentials. Expected OAuth 2 access token, login cookie or other valid authentication credential. See https://developers.google.com/identity/sign-in/web/devconsole-project.
[debug] [2022-12-26T12:45:29.170Z] FirebaseError: HTTP Error: 401, Request had invalid authentication credentials. Expected OAuth 2 access token, login cookie or other valid authentication credential. See https://developers.google.com/identity/sign-in/web/devconsole-project.
    at responseToError (C:\Users\Personal\AppData\Roaming\npm\node_modules\firebase-tools\lib\responseToError.js:49:12)
    at RetryOperation._fn (C:\Users\Personal\AppData\Roaming\npm\node_modules\firebase-tools\lib\apiv2.js:288:77)
    at process.processTicksAndRejections (node:internal/process/task_queues:95:5)
[error] 
[error] Error: Failed to get Firebase project book-shelf-4c0d0. Please make sure the project exists and your account has permission to access it.
